<?xml version="1.0" encoding="UTF-8"?>
<!-- Generated by org.testng.reporters.JUnitXMLReporter -->
<testsuite hostname="HW1430" ignored="4" name="Default test" tests="2" failures="0" timestamp="30 Aug 2017 15:31:51 GMT" time="289.369" errors="0">
  <testcase name="GS1_Login" time="52.547" classname="com.web.poc.script.GS1_Login"/>
  <testcase name="GS1_HomePage" time="44.263" classname="com.web.poc.script.GS1_HomePage"/>
  <testcase name="@AfterSuite afterSuite" time="0.0" classname="com.web.automation.accelerators.TestEngineWeb">
    <ignored/>
  </testcase> <!-- @AfterSuite afterSuite -->
  <testcase name="@BeforeSuite beforeSuite" time="0.0" classname="com.web.automation.accelerators.TestEngineWeb">
    <ignored/>
  </testcase> <!-- @BeforeSuite beforeSuite -->
  <testcase name="@AfterTest afterTest" time="0.0" classname="com.web.automation.accelerators.TestEngineWeb">
    <ignored/>
  </testcase> <!-- @AfterTest afterTest -->
  <testcase name="@BeforeTest beforeTest" time="0.0" classname="com.web.automation.accelerators.TestEngineWeb">
    <ignored/>
  </testcase> <!-- @BeforeTest beforeTest -->
</testsuite> <!-- Default test -->
