<?xml version="1.0" encoding="UTF-8"?>
<testsuite xmlns:xsi="http://www.w3.org/2001/XMLSchema-instance" xsi:noNamespaceSchemaLocation="https://maven.apache.org/surefire/maven-surefire-plugin/xsd/surefire-test-report.xsd" name="com.api.automation.scripts.OAuthTest" time="35.433" tests="10" errors="0" skipped="2" failures="0">
  <properties>
[...]
</properties>
  <testcase name="testA_oAuth2" classname="com.api.automation.scripts.OAuthTest" time="4.474"/>
  <testcase name="testB_getLists" classname="com.api.automation.scripts.OAuthTest" time="1.173"/>
  <testcase name="testC_createList" classname="com.api.automation.scripts.OAuthTest" time="4.497"/>
  <testcase name="testD_createTask" classname="com.api.automation.scripts.OAuthTest" time="2.475"/>
  <testcase name="testE_fileUploadToTask" classname="com.api.automation.scripts.OAuthTest" time="13.278"/>
  <testcase name="testF_EditTask" classname="com.api.automation.scripts.OAuthTest" time="2.578"/>
  <testcase name="testG_DeleteTask" classname="com.api.automation.scripts.OAuthTest" time="2.456"/>
  <testcase name="testH_EditList" classname="com.api.automation.scripts.OAuthTest" time="0">
    <skipped/>
  </testcase>
  <testcase name="testI_FolderAPIs" classname="com.api.automation.scripts.OAuthTest" time="4.447"/>
  <testcase name="testJ_DeleteList" classname="com.api.automation.scripts.OAuthTest" time="0">
    <skipped/>
  </testcase>
</testsuite>