<?xml version="1.0" encoding="UTF-8"?>
<testsuite xmlns:xsi="http://www.w3.org/2001/XMLSchema-instance" xsi:noNamespaceSchemaLocation="https://maven.apache.org/surefire/maven-surefire-plugin/xsd/surefire-test-report.xsd" name="TestSuite" time="230.377" tests="2" errors="0" skipped="0" failures="0">
  <properties>
[...]
</properties>
  <testcase name="GS1_Login" classname="com.web.poc.script.GS1_Login" time="41.111"/>
  <testcase name="GS1_HomePage" classname="com.web.poc.script.GS1_HomePage" time="34.957"/>
</testsuite>