<?xml version="1.0" encoding="UTF-8"?>
<testng-results skipped="0" failed="0" ignored="4" total="6" passed="2">
  <reporter-output>
  </reporter-output>
  <suite name="Default suite" duration-ms="289369" started-at="2017-08-30T15:27:01Z" finished-at="2017-08-30T15:31:51Z">
    <groups>
      <group name="regression">
        <method signature="GS1_HomePage.GS1_HomePage()[pri:0, instance:com.web.poc.script.GS1_HomePage@b7dd107]" name="GS1_HomePage" class="com.web.poc.script.GS1_HomePage"/>
        <method signature="GS1_Login.GS1_Login()[pri:0, instance:com.web.poc.script.GS1_Login@4671e53b]" name="GS1_Login" class="com.web.poc.script.GS1_Login"/>
      </group> <!-- regression -->
      <group name="smoke">
        <method signature="GS1_HomePage.GS1_HomePage()[pri:0, instance:com.web.poc.script.GS1_HomePage@b7dd107]" name="GS1_HomePage" class="com.web.poc.script.GS1_HomePage"/>
        <method signature="GS1_Login.GS1_Login()[pri:0, instance:com.web.poc.script.GS1_Login@4671e53b]" name="GS1_Login" class="com.web.poc.script.GS1_Login"/>
      </group> <!-- smoke -->
    </groups>
    <test name="Default test" duration-ms="289369" started-at="2017-08-30T15:27:01Z" finished-at="2017-08-30T15:31:51Z">
      <class name="com.web.poc.script.GS1_Login">
        <test-method status="PASS" signature="beforeSuite(org.testng.ITestContext)[pri:0, instance:com.web.poc.script.GS1_Login@4671e53b]" name="beforeSuite" is-config="true" duration-ms="4962" started-at="2017-08-30T20:56:56Z" finished-at="2017-08-30T20:57:01Z">
          <params>
            <param index="0">
              <value>
                <![CDATA[org.testng.TestRunner@347bdeef]]>
              </value>
            </param>
          </params>
          <reporter-output>
          </reporter-output>
        </test-method> <!-- beforeSuite -->
        <test-method status="PASS" signature="beforeTest(org.testng.ITestContext)[pri:0, instance:com.web.poc.script.GS1_Login@4671e53b]" name="beforeTest" is-config="true" duration-ms="2386" started-at="2017-08-30T20:57:01Z" finished-at="2017-08-30T20:57:04Z">
          <params>
            <param index="0">
              <value>
                <![CDATA[org.testng.TestRunner@347bdeef]]>
              </value>
            </param>
          </params>
          <reporter-output>
          </reporter-output>
        </test-method> <!-- beforeTest -->
        <test-method status="PASS" signature="beforeClass()[pri:0, instance:com.web.poc.script.GS1_Login@4671e53b]" name="beforeClass" is-config="true" duration-ms="81899" started-at="2017-08-30T20:57:04Z" finished-at="2017-08-30T20:58:26Z">
          <reporter-output>
          </reporter-output>
        </test-method> <!-- beforeClass -->
        <test-method status="PASS" signature="beforeMethod(java.lang.reflect.Method)[pri:0, instance:com.web.poc.script.GS1_Login@4671e53b]" name="beforeMethod" is-config="true" duration-ms="7143" started-at="2017-08-30T20:58:26Z" finished-at="2017-08-30T20:58:33Z">
          <params>
            <param index="0">
              <value>
                <![CDATA[public void com.web.poc.script.GS1_Login.GS1_Login() throws java.lang.Throwable]]>
              </value>
            </param>
          </params>
          <reporter-output>
          </reporter-output>
        </test-method> <!-- beforeMethod -->
        <test-method status="PASS" signature="beforeMethod()[pri:0, instance:com.web.poc.script.GS1_Login@4671e53b]" name="beforeMethod" is-config="true" duration-ms="6640" started-at="2017-08-30T20:58:33Z" finished-at="2017-08-30T20:58:40Z">
          <reporter-output>
          </reporter-output>
        </test-method> <!-- beforeMethod -->
        <test-method status="PASS" signature="GS1_Login()[pri:0, instance:com.web.poc.script.GS1_Login@4671e53b]" name="GS1_Login" duration-ms="52547" started-at="2017-08-30T20:58:40Z" description="GS1" finished-at="2017-08-30T20:59:32Z">
          <reporter-output>
          </reporter-output>
        </test-method> <!-- GS1_Login -->
        <test-method status="PASS" signature="afterMethod(java.lang.reflect.Method, org.testng.ITestResult)[pri:0, instance:com.web.poc.script.GS1_Login@4671e53b]" name="afterMethod" is-config="true" duration-ms="1890" started-at="2017-08-30T20:59:32Z" finished-at="2017-08-30T20:59:34Z">
          <params>
            <param index="0">
              <value>
                <![CDATA[public void com.web.poc.script.GS1_Login.GS1_Login() throws java.lang.Throwable]]>
              </value>
            </param>
            <param index="1">
              <value>
                <![CDATA[[TestResult name=GS1_Login status=SUCCESS method=GS1_Login.GS1_Login()[pri:0, instance:com.web.poc.script.GS1_Login@4671e53b] output={null}]]]>
              </value>
            </param>
          </params>
          <reporter-output>
          </reporter-output>
        </test-method> <!-- afterMethod -->
        <test-method status="PASS" signature="afterClass()[pri:0, instance:com.web.poc.script.GS1_Login@4671e53b]" name="afterClass" is-config="true" duration-ms="23786" started-at="2017-08-30T20:59:34Z" finished-at="2017-08-30T20:59:58Z">
          <reporter-output>
          </reporter-output>
        </test-method> <!-- afterClass -->
        <test-method status="PASS" signature="afterTest()[pri:0, instance:com.web.poc.script.GS1_Login@4671e53b]" name="afterTest" is-config="true" duration-ms="41" started-at="2017-08-30T21:01:51Z" finished-at="2017-08-30T21:01:51Z">
          <reporter-output>
          </reporter-output>
        </test-method> <!-- afterTest -->
        <test-method status="PASS" signature="afterSuite()[pri:0, instance:com.web.poc.script.GS1_Login@4671e53b]" name="afterSuite" is-config="true" duration-ms="121" started-at="2017-08-30T21:01:51Z" finished-at="2017-08-30T21:01:51Z">
          <reporter-output>
          </reporter-output>
        </test-method> <!-- afterSuite -->
      </class> <!-- com.web.poc.script.GS1_Login -->
      <class name="com.web.poc.script.GS1_HomePage">
        <test-method status="PASS" signature="beforeClass()[pri:0, instance:com.web.poc.script.GS1_HomePage@b7dd107]" name="beforeClass" is-config="true" duration-ms="45903" started-at="2017-08-30T20:59:58Z" finished-at="2017-08-30T21:00:44Z">
          <reporter-output>
          </reporter-output>
        </test-method> <!-- beforeClass -->
        <test-method status="PASS" signature="beforeMethod(java.lang.reflect.Method)[pri:0, instance:com.web.poc.script.GS1_HomePage@b7dd107]" name="beforeMethod" is-config="true" duration-ms="2" started-at="2017-08-30T21:00:44Z" finished-at="2017-08-30T21:00:44Z">
          <params>
            <param index="0">
              <value>
                <![CDATA[public void com.web.poc.script.GS1_HomePage.GS1_HomePage() throws java.lang.Throwable]]>
              </value>
            </param>
          </params>
          <reporter-output>
          </reporter-output>
        </test-method> <!-- beforeMethod -->
        <test-method status="PASS" signature="beforeMethod()[pri:0, instance:com.web.poc.script.GS1_HomePage@b7dd107]" name="beforeMethod" is-config="true" duration-ms="186" started-at="2017-08-30T21:00:44Z" finished-at="2017-08-30T21:00:44Z">
          <reporter-output>
          </reporter-output>
        </test-method> <!-- beforeMethod -->
        <test-method status="PASS" signature="GS1_HomePage()[pri:0, instance:com.web.poc.script.GS1_HomePage@b7dd107]" name="GS1_HomePage" duration-ms="44263" started-at="2017-08-30T21:00:44Z" description="GS1" finished-at="2017-08-30T21:01:28Z">
          <reporter-output>
          </reporter-output>
        </test-method> <!-- GS1_HomePage -->
        <test-method status="PASS" signature="afterMethod(java.lang.reflect.Method, org.testng.ITestResult)[pri:0, instance:com.web.poc.script.GS1_HomePage@b7dd107]" name="afterMethod" is-config="true" duration-ms="29" started-at="2017-08-30T21:01:28Z" finished-at="2017-08-30T21:01:28Z">
          <params>
            <param index="0">
              <value>
                <![CDATA[public void com.web.poc.script.GS1_HomePage.GS1_HomePage() throws java.lang.Throwable]]>
              </value>
            </param>
            <param index="1">
              <value>
                <![CDATA[[TestResult name=GS1_HomePage status=SUCCESS method=GS1_HomePage.GS1_HomePage()[pri:0, instance:com.web.poc.script.GS1_HomePage@b7dd107] output={null}]]]>
              </value>
            </param>
          </params>
          <reporter-output>
          </reporter-output>
        </test-method> <!-- afterMethod -->
        <test-method status="PASS" signature="afterClass()[pri:0, instance:com.web.poc.script.GS1_HomePage@b7dd107]" name="afterClass" is-config="true" duration-ms="22456" started-at="2017-08-30T21:01:28Z" finished-at="2017-08-30T21:01:51Z">
          <reporter-output>
          </reporter-output>
        </test-method> <!-- afterClass -->
      </class> <!-- com.web.poc.script.GS1_HomePage -->
    </test> <!-- Default test -->
  </suite> <!-- Default suite -->
</testng-results>
