<?xml version="1.0" encoding="UTF-8"?>
<!-- Generated by org.testng.reporters.JUnitReportReporter -->
<testsuite hostname="CTLINDT-0119" name="com.web.automation.scripts.SugarCRM_DeleteExistingContacts" tests="1" failures="1" timestamp="8 Aug 2017 11:55:11 GMT" time="5.156" errors="0">
  <testcase name="contactValidationDeleteExistingContacts" time="5.156" classname="com.web.automation.scripts.SugarCRM_DeleteExistingContacts">
    <failure type="java.lang.AssertionError" message="Test Case Failed because - Failed to complete Customer Search Using Customer#.">
      <![CDATA[java.lang.AssertionError: Test Case Failed because - Failed to complete Customer Search Using Customer#.
	at org.testng.Assert.fail(Assert.java:94)
	at com.web.automation.scripts.SugarCRM_DeleteExistingContacts.TestCaseStatus(SugarCRM_DeleteExistingContacts.java:29)
	at com.web.automation.scripts.SugarCRM_DeleteExistingContacts.contactValidationDeleteExistingContacts(SugarCRM_DeleteExistingContacts.java:76)
	at sun.reflect.NativeMethodAccessorImpl.invoke0(Native Method)
	at sun.reflect.NativeMethodAccessorImpl.invoke(Unknown Source)
	at sun.reflect.DelegatingMethodAccessorImpl.invoke(Unknown Source)
	at java.lang.reflect.Method.invoke(Unknown Source)
	at org.testng.internal.MethodInvocationHelper.invokeMethod(MethodInvocationHelper.java:86)
	at org.testng.internal.Invoker.invokeMethod(Invoker.java:643)
	at org.testng.internal.Invoker.invokeTestMethod(Invoker.java:820)
	at org.testng.internal.Invoker.invokeTestMethods(Invoker.java:1128)
	at org.testng.internal.TestMethodWorker.invokeTestMethods(TestMethodWorker.java:129)
	at org.testng.internal.TestMethodWorker.run(TestMethodWorker.java:112)
	at org.testng.TestRunner.privateRun(TestRunner.java:782)
	at org.testng.TestRunner.run(TestRunner.java:632)
	at org.testng.SuiteRunner.runTest(SuiteRunner.java:366)
	at org.testng.SuiteRunner.runSequentially(SuiteRunner.java:361)
	at org.testng.SuiteRunner.privateRun(SuiteRunner.java:319)
	at org.testng.SuiteRunner.run(SuiteRunner.java:268)
	at org.testng.SuiteRunnerWorker.runSuite(SuiteRunnerWorker.java:52)
	at org.testng.SuiteRunnerWorker.run(SuiteRunnerWorker.java:86)
	at org.testng.TestNG.runSuitesSequentially(TestNG.java:1244)
	at org.testng.TestNG.runSuitesLocally(TestNG.java:1169)
	at org.testng.TestNG.run(TestNG.java:1064)
	at org.testng.remote.AbstractRemoteTestNG.run(AbstractRemoteTestNG.java:132)
	at org.testng.remote.RemoteTestNG.initAndRun(RemoteTestNG.java:230)
	at org.testng.remote.RemoteTestNG.main(RemoteTestNG.java:76)
]]>
    </failure>
  </testcase> <!-- contactValidationDeleteExistingContacts -->
</testsuite> <!-- com.web.automation.scripts.SugarCRM_DeleteExistingContacts -->
